2023-08-06 04:12:30.209683 - Initialized conversion of CBT462
2023-08-06 04:12:30.582024 - Received CBT.V505.FILE462.PDS from FILE462.XMI 
2023-08-06 04:12:30.584628 - Found $$$#DATE.txt (text/plain) in CBT.V505.FILE462.PDS, moved to PDS/$$$#DATE
2023-08-06 04:12:30.585715 - Found $DOC.txt (text/plain) in CBT.V505.FILE462.PDS, moved to PDS/$DOC
2023-08-06 04:12:30.586682 - Found $MODS.txt (text/plain) in CBT.V505.FILE462.PDS, moved to PDS/$MODS
2023-08-06 04:12:30.587587 - Found #ACFCOMP.txt (text/plain) in CBT.V505.FILE462.PDS, moved to PDS/#ACFCOMP
2023-08-06 04:12:30.588624 - Found #APPEND.txt (text/plain) in CBT.V505.FILE462.PDS, moved to PDS/#APPEND
2023-08-06 04:12:30.589795 - Found #BOX.txt (text/plain) in CBT.V505.FILE462.PDS, moved to PDS/#BOX
2023-08-06 04:12:30.590687 - Found #CENTER.txt (text/plain) in CBT.V505.FILE462.PDS, moved to PDS/#CENTER
2023-08-06 04:12:30.591689 - Found #COMASM.txt (text/plain) in CBT.V505.FILE462.PDS, moved to PDS/#COMASM
2023-08-06 04:12:30.592551 - Found #COMCLIS.txt (text/plain) in CBT.V505.FILE462.PDS, moved to PDS/#COMCLIS
2023-08-06 04:12:30.593452 - Found #COMEXEC.txt (text/plain) in CBT.V505.FILE462.PDS, moved to PDS/#COMEXEC
2023-08-06 04:12:30.594419 - Found #COMEXED.txt (text/plain) in CBT.V505.FILE462.PDS, moved to PDS/#COMEXED
2023-08-06 04:12:30.595286 - Found #COMJCL.txt (text/plain) in CBT.V505.FILE462.PDS, moved to PDS/#COMJCL
2023-08-06 04:12:30.596082 - Found #COMMENT.txt (text/plain) in CBT.V505.FILE462.PDS, moved to PDS/#COMMENT
2023-08-06 04:12:30.596888 - Found #COMMEN2.txt (text/plain) in CBT.V505.FILE462.PDS, moved to PDS/#COMMEN2
2023-08-06 04:12:30.597931 - Found #COMPDS.txt (text/plain) in CBT.V505.FILE462.PDS, moved to PDS/#COMPDS
2023-08-06 04:12:30.598814 - Found #CONLY.txt (text/plain) in CBT.V505.FILE462.PDS, moved to PDS/#CONLY
2023-08-06 04:12:30.599707 - Found #CONVISP.txt (text/plain) in CBT.V505.FILE462.PDS, moved to PDS/#CONVISP
2023-08-06 04:12:30.600539 - Found #CORNER.txt (text/plain) in CBT.V505.FILE462.PDS, moved to PDS/#CORNER
2023-08-06 04:12:30.601378 - Found #CUT.txt (text/plain) in CBT.V505.FILE462.PDS, moved to PDS/#CUT
2023-08-06 04:12:30.602278 - Found #CUTD.txt (text/plain) in CBT.V505.FILE462.PDS, moved to PDS/#CUTD
2023-08-06 04:12:30.603218 - Found #DEBLANK.txt (text/plain) in CBT.V505.FILE462.PDS, moved to PDS/#DEBLANK
2023-08-06 04:12:30.604175 - Found #ECHANGE.txt (text/plain) in CBT.V505.FILE462.PDS, moved to PDS/#ECHANGE
2023-08-06 04:12:30.605089 - Found #ECHANG2.txt (text/plain) in CBT.V505.FILE462.PDS, moved to PDS/#ECHANG2
2023-08-06 04:12:30.606005 - Found #EMCH.txt (text/plain) in CBT.V505.FILE462.PDS, moved to PDS/#EMCH
2023-08-06 04:12:30.606851 - Found #EXEC.txt (text/plain) in CBT.V505.FILE462.PDS, moved to PDS/#EXEC
2023-08-06 04:12:30.607681 - Found #EXEC2.txt (text/plain) in CBT.V505.FILE462.PDS, moved to PDS/#EXEC2
2023-08-06 04:12:30.608496 - Found #GENJCL.txt (text/plain) in CBT.V505.FILE462.PDS, moved to PDS/#GENJCL
2023-08-06 04:12:30.609364 - Found #LJUST.txt (text/plain) in CBT.V505.FILE462.PDS, moved to PDS/#LJUST
2023-08-06 04:12:30.610294 - Found #NEWMSGS.txt (text/plain) in CBT.V505.FILE462.PDS, moved to PDS/#NEWMSGS
2023-08-06 04:12:30.611204 - Found #ONLY.txt (text/plain) in CBT.V505.FILE462.PDS, moved to PDS/#ONLY
2023-08-06 04:12:30.612017 - Found #PASD.txt (text/plain) in CBT.V505.FILE462.PDS, moved to PDS/#PASD
2023-08-06 04:12:30.612821 - Found #PASTE.txt (text/plain) in CBT.V505.FILE462.PDS, moved to PDS/#PASTE
2023-08-06 04:12:30.613798 - Found #PROFLIS.txt (text/plain) in CBT.V505.FILE462.PDS, moved to PDS/#PROFLIS
2023-08-06 04:12:30.614688 - Found #RJUST.txt (text/plain) in CBT.V505.FILE462.PDS, moved to PDS/#RJUST
2023-08-06 04:12:30.615483 - Found #SHOWDCB.txt (text/plain) in CBT.V505.FILE462.PDS, moved to PDS/#SHOWDCB
2023-08-06 04:12:30.616277 - Found #SR20000.txt (text/plain) in CBT.V505.FILE462.PDS, moved to PDS/#SR20000
2023-08-06 04:12:30.617110 - Found #TSOTOJC.txt (text/plain) in CBT.V505.FILE462.PDS, moved to PDS/#TSOTOJC
2023-08-06 04:12:30.617978 - Found @FILE462.txt (text/plain) in CBT.V505.FILE462.PDS, moved to PDS/@FILE462
2023-08-06 04:12:30.618895 - Found ACFCOMP.txt (text/plain) in CBT.V505.FILE462.PDS, moved to PDS/ACFCOMP
2023-08-06 04:12:30.619863 - Found APPEND.txt (text/plain) in CBT.V505.FILE462.PDS, moved to PDS/APPEND
2023-08-06 04:12:30.620733 - Found BOX.txt (text/plain) in CBT.V505.FILE462.PDS, moved to PDS/BOX
2023-08-06 04:12:30.621641 - Found CENTER.txt (text/plain) in CBT.V505.FILE462.PDS, moved to PDS/CENTER
2023-08-06 04:12:30.622570 - Found CNADBROW.txt (text/plain) in CBT.V505.FILE462.PDS, moved to PDS/CNADBROW
2023-08-06 04:12:30.623397 - Found CNADEDIT.txt (text/plain) in CBT.V505.FILE462.PDS, moved to PDS/CNADEDIT
2023-08-06 04:12:30.624193 - Found COMASM.txt (text/plain) in CBT.V505.FILE462.PDS, moved to PDS/COMASM
2023-08-06 04:12:30.625034 - Found COMCLIST.txt (text/plain) in CBT.V505.FILE462.PDS, moved to PDS/COMCLIST
2023-08-06 04:12:30.625897 - Found COMEXEC.txt (text/plain) in CBT.V505.FILE462.PDS, moved to PDS/COMEXEC
2023-08-06 04:12:30.626843 - Found COMEXED.txt (text/plain) in CBT.V505.FILE462.PDS, moved to PDS/COMEXED
2023-08-06 04:12:30.627667 - Found COMJCL.txt (text/plain) in CBT.V505.FILE462.PDS, moved to PDS/COMJCL
2023-08-06 04:12:30.628490 - Found COMMENT.txt (text/plain) in CBT.V505.FILE462.PDS, moved to PDS/COMMENT
2023-08-06 04:12:30.629332 - Found COMPDS.txt (text/plain) in CBT.V505.FILE462.PDS, moved to PDS/COMPDS
2023-08-06 04:12:30.630285 - Found CONLY.txt (text/plain) in CBT.V505.FILE462.PDS, moved to PDS/CONLY
2023-08-06 04:12:30.631262 - Found CONVISPF.txt (text/plain) in CBT.V505.FILE462.PDS, moved to PDS/CONVISPF
2023-08-06 04:12:30.632121 - Found CORNER.txt (text/plain) in CBT.V505.FILE462.PDS, moved to PDS/CORNER
2023-08-06 04:12:30.632944 - Found CUT.txt (text/plain) in CBT.V505.FILE462.PDS, moved to PDS/CUT
2023-08-06 04:12:30.633796 - Found DEBLANK.txt (text/plain) in CBT.V505.FILE462.PDS, moved to PDS/DEBLANK
2023-08-06 04:12:30.634817 - Found ECHANGE.txt (text/plain) in CBT.V505.FILE462.PDS, moved to PDS/ECHANGE
2023-08-06 04:12:30.635808 - Found EXEC.txt (text/plain) in CBT.V505.FILE462.PDS, moved to PDS/EXEC
2023-08-06 04:12:30.636677 - Found EXECPANL.txt (text/plain) in CBT.V505.FILE462.PDS, moved to PDS/EXECPANL
2023-08-06 04:12:30.637530 - Found GENJCL.txt (text/plain) in CBT.V505.FILE462.PDS, moved to PDS/GENJCL
2023-08-06 04:12:30.638522 - Found LJUST.txt (text/plain) in CBT.V505.FILE462.PDS, moved to PDS/LJUST
2023-08-06 04:12:30.639465 - Found NEWMSGS.txt (text/plain) in CBT.V505.FILE462.PDS, moved to PDS/NEWMSGS
2023-08-06 04:12:30.640404 - Found ONLY.txt (text/plain) in CBT.V505.FILE462.PDS, moved to PDS/ONLY
2023-08-06 04:12:30.641357 - Found PASTE.txt (text/plain) in CBT.V505.FILE462.PDS, moved to PDS/PASTE
2023-08-06 04:12:30.642202 - Found PROFLIST.txt (text/plain) in CBT.V505.FILE462.PDS, moved to PDS/PROFLIST
2023-08-06 04:12:30.643006 - Found RJUST.txt (text/plain) in CBT.V505.FILE462.PDS, moved to PDS/RJUST
2023-08-06 04:12:30.643830 - Found SHOWDCB.txt (text/plain) in CBT.V505.FILE462.PDS, moved to PDS/SHOWDCB
2023-08-06 04:12:30.644767 - Found TSOTOJCL.txt (text/plain) in CBT.V505.FILE462.PDS, moved to PDS/TSOTOJCL
